<?xml version="1.0" encoding="UTF-8"?>
<!-- Generated by org.testng.reporters.JUnitReportReporter -->
<testsuite name="com.automation.testscripts.LoginTest" tests="1" time="8.422" ignored="0" failures="0" timestamp="25 Sep 2019 17:54:16 GMT" skipped="0" hostname="LAINPU1502-0099" errors="0">
  <testcase name="login" time="8.422" classname="com.automation.testscripts.LoginTest"/>
</testsuite> <!-- com.automation.testscripts.LoginTest -->
